2026-05-03 23:12:18 [main] DEBUG org.testng.TestNG - suiteXmlPath: "/Users/sahilgagneja/eclipse-workspace/SeleniumJava/TutorialsNinja/master.xml"
2026-05-03 23:12:18 [main] INFO  org.testng.internal.Utils - [TestNG] Running:
  /Users/sahilgagneja/eclipse-workspace/SeleniumJava/TutorialsNinja/master.xml

2026-05-03 23:12:18 [main] INFO  testCases.TC001_ValidateLoginScreen - Base Class Initialized
2026-05-03 23:12:21 [main] DEBUG org.apache.poi.openxml4j.opc.PackageRelationshipCollection - Parsing relationship: /xl/_rels/workbook.xml.rels
2026-05-03 23:12:21 [main] DEBUG org.apache.poi.openxml4j.opc.PackageRelationshipCollection - Parsing relationship: /xl/worksheets/_rels/sheet1.xml.rels
2026-05-03 23:12:21 [main] DEBUG org.apache.poi.openxml4j.opc.PackageRelationshipCollection - Parsing relationship: /_rels/.rels
2026-05-03 23:12:21 [main] DEBUG org.apache.poi.openxml4j.opc.PackageRelationshipCollection - Parsing relationship: /xl/_rels/workbook.xml.rels
2026-05-03 23:12:21 [main] DEBUG org.apache.poi.openxml4j.opc.PackageRelationshipCollection - Parsing relationship: /xl/worksheets/_rels/sheet1.xml.rels
2026-05-03 23:12:21 [main] DEBUG org.apache.poi.openxml4j.opc.PackageRelationshipCollection - Parsing relationship: /_rels/.rels
2026-05-03 23:12:21 [main] DEBUG org.apache.poi.openxml4j.opc.PackageRelationshipCollection - Parsing relationship: /xl/_rels/workbook.xml.rels
2026-05-03 23:12:21 [main] DEBUG org.apache.poi.openxml4j.opc.PackageRelationshipCollection - Parsing relationship: /xl/worksheets/_rels/sheet1.xml.rels
2026-05-03 23:12:21 [main] DEBUG org.apache.poi.openxml4j.opc.PackageRelationshipCollection - Parsing relationship: /_rels/.rels
2026-05-03 23:12:21 [main] DEBUG org.apache.poi.openxml4j.opc.PackageRelationshipCollection - Parsing relationship: /xl/_rels/workbook.xml.rels
2026-05-03 23:12:21 [main] DEBUG org.apache.poi.openxml4j.opc.PackageRelationshipCollection - Parsing relationship: /xl/worksheets/_rels/sheet1.xml.rels
2026-05-03 23:12:21 [main] DEBUG org.apache.poi.openxml4j.opc.PackageRelationshipCollection - Parsing relationship: /_rels/.rels
2026-05-03 23:12:21 [main] DEBUG org.apache.poi.openxml4j.opc.PackageRelationshipCollection - Parsing relationship: /xl/_rels/workbook.xml.rels
2026-05-03 23:12:21 [main] DEBUG org.apache.poi.openxml4j.opc.PackageRelationshipCollection - Parsing relationship: /xl/worksheets/_rels/sheet1.xml.rels
2026-05-03 23:12:21 [main] DEBUG org.apache.poi.openxml4j.opc.PackageRelationshipCollection - Parsing relationship: /_rels/.rels
2026-05-03 23:12:21 [main] INFO  testCases.TC001_ValidateLoginScreen - Clicked on My Account
2026-05-03 23:12:21 [main] INFO  testCases.TC001_ValidateLoginScreen - Clicked Login
2026-05-03 23:12:23 [main] INFO  testCases.TC001_ValidateLoginScreen - EXP:Valid
2026-05-03 23:12:24 [main] INFO  testCases.TC001_ValidateLoginScreen - Clicked on My Account
2026-05-03 23:12:24 [main] INFO  testCases.TC001_ValidateLoginScreen - Clicked Login
2026-05-03 23:12:24 [main] INFO  testCases.TC001_ValidateLoginScreen - Clicked on My Account
2026-05-03 23:12:24 [main] INFO  testCases.TC001_ValidateLoginScreen - Clicked Login
2026-05-03 23:14:28 [main] DEBUG org.testng.TestNG - suiteXmlPath: "/Users/sahilgagneja/eclipse-workspace/SeleniumJava/TutorialsNinja/master.xml"
2026-05-03 23:14:28 [main] INFO  org.testng.internal.Utils - [TestNG] Running:
  /Users/sahilgagneja/eclipse-workspace/SeleniumJava/TutorialsNinja/master.xml

2026-05-03 23:14:28 [main] INFO  testCases.TC001_ValidateLoginScreen - Base Class Initialized
2026-05-03 23:14:30 [main] DEBUG org.apache.poi.openxml4j.opc.PackageRelationshipCollection - Parsing relationship: /xl/_rels/workbook.xml.rels
2026-05-03 23:14:30 [main] DEBUG org.apache.poi.openxml4j.opc.PackageRelationshipCollection - Parsing relationship: /xl/worksheets/_rels/sheet1.xml.rels
2026-05-03 23:14:30 [main] DEBUG org.apache.poi.openxml4j.opc.PackageRelationshipCollection - Parsing relationship: /_rels/.rels
2026-05-03 23:14:30 [main] DEBUG org.apache.poi.openxml4j.opc.PackageRelationshipCollection - Parsing relationship: /xl/_rels/workbook.xml.rels
2026-05-03 23:14:30 [main] DEBUG org.apache.poi.openxml4j.opc.PackageRelationshipCollection - Parsing relationship: /xl/worksheets/_rels/sheet1.xml.rels
2026-05-03 23:14:30 [main] DEBUG org.apache.poi.openxml4j.opc.PackageRelationshipCollection - Parsing relationship: /_rels/.rels
2026-05-03 23:14:30 [main] DEBUG org.apache.poi.openxml4j.opc.PackageRelationshipCollection - Parsing relationship: /xl/_rels/workbook.xml.rels
2026-05-03 23:14:30 [main] DEBUG org.apache.poi.openxml4j.opc.PackageRelationshipCollection - Parsing relationship: /xl/worksheets/_rels/sheet1.xml.rels
2026-05-03 23:14:30 [main] DEBUG org.apache.poi.openxml4j.opc.PackageRelationshipCollection - Parsing relationship: /_rels/.rels
2026-05-03 23:14:30 [main] DEBUG org.apache.poi.openxml4j.opc.PackageRelationshipCollection - Parsing relationship: /xl/_rels/workbook.xml.rels
2026-05-03 23:14:30 [main] DEBUG org.apache.poi.openxml4j.opc.PackageRelationshipCollection - Parsing relationship: /xl/worksheets/_rels/sheet1.xml.rels
2026-05-03 23:14:30 [main] DEBUG org.apache.poi.openxml4j.opc.PackageRelationshipCollection - Parsing relationship: /_rels/.rels
2026-05-03 23:14:30 [main] DEBUG org.apache.poi.openxml4j.opc.PackageRelationshipCollection - Parsing relationship: /xl/_rels/workbook.xml.rels
2026-05-03 23:14:30 [main] DEBUG org.apache.poi.openxml4j.opc.PackageRelationshipCollection - Parsing relationship: /xl/worksheets/_rels/sheet1.xml.rels
2026-05-03 23:14:30 [main] DEBUG org.apache.poi.openxml4j.opc.PackageRelationshipCollection - Parsing relationship: /_rels/.rels
2026-05-03 23:14:30 [main] INFO  testCases.TC001_ValidateLoginScreen - Clicked on My Account
2026-05-03 23:14:31 [main] INFO  testCases.TC001_ValidateLoginScreen - Clicked Login
2026-05-03 23:14:32 [main] INFO  testCases.TC001_ValidateLoginScreen - EXP:Valid
